2024-12-18 22:41:44,626 - INFO - Extracting data...
2024-12-18 22:41:44,862 - INFO - Extraction successful!
2024-12-18 22:41:44,871 - ERROR - Missing required columns. Exiting.
2024-12-18 22:44:26,747 - INFO - Extracting data...
2024-12-18 22:44:26,851 - INFO - Extraction successful!
2024-12-18 22:44:26,852 - INFO - Transforming data...
2024-12-18 22:44:26,875 - INFO - Transformation complete! Rows before: 6234, Rows after: 3774
2024-12-18 22:44:26,875 - INFO - Loading data...
2024-12-18 22:44:26,998 - INFO - Data loaded successfully!
2024-12-18 22:49:00,568 - INFO - Extracting data...
2024-12-18 22:49:00,645 - INFO - Extraction successful!
2024-12-18 22:49:00,645 - ERROR - Missing required columns: ['column1', 'column2']. Exiting.
2024-12-18 22:49:47,408 - INFO - Extracting data...
2024-12-18 22:49:47,412 - ERROR - Source file not found. Exiting.
2024-12-18 22:50:30,212 - INFO - Extracting data...
2024-12-18 22:50:30,219 - ERROR - Source file is empty. Exiting.
2024-12-18 22:52:06,725 - INFO - Extracting data...
2024-12-18 22:52:06,825 - INFO - Extraction successful!
2024-12-18 22:52:06,825 - INFO - Transforming data...
2024-12-18 22:52:06,844 - INFO - Transformation complete! Rows before: 6234, Rows after: 3774
2024-12-18 22:52:06,844 - INFO - Loading data...
2024-12-18 22:52:06,946 - INFO - Data loaded successfully!
2024-12-18 22:54:31,062 - INFO - Extracting data...
2024-12-18 22:54:31,161 - INFO - Extraction successful!
2024-12-18 22:54:31,161 - INFO - Transforming data...
2024-12-18 22:54:31,175 - INFO - Transformation complete! Rows before: 6234, Rows after: 3774
2024-12-18 22:54:31,175 - INFO - Loading data...
2024-12-18 22:54:31,305 - INFO - Data loaded successfully!
2024-12-18 22:54:59,098 - INFO - Extracting data...
2024-12-18 22:54:59,192 - INFO - Extraction successful!
2024-12-18 22:54:59,193 - INFO - Transforming data...
2024-12-18 22:54:59,205 - INFO - Transformation complete! Rows before: 6234, Rows after: 3774
2024-12-18 22:54:59,206 - INFO - Loading data...
2024-12-18 22:54:59,297 - INFO - Data loaded successfully!
2024-12-18 22:55:21,265 - INFO - Extracting data...
2024-12-18 22:55:21,350 - INFO - Extraction successful!
2024-12-18 22:55:21,351 - INFO - Transforming data...
2024-12-18 22:55:21,366 - INFO - Transformation complete! Rows before: 6234, Rows after: 3774
2024-12-18 22:55:21,366 - INFO - Loading data...
2024-12-18 22:55:21,456 - INFO - Data loaded successfully!
2024-12-18 22:55:46,591 - INFO - Extracting data...
2024-12-18 22:55:46,679 - INFO - Extraction successful!
2024-12-18 22:55:46,679 - INFO - Transforming data...
2024-12-18 22:55:46,693 - INFO - Transformation complete! Rows before: 6234, Rows after: 3774
2024-12-18 22:55:46,693 - INFO - Loading data...
2024-12-18 22:55:46,772 - INFO - Data loaded successfully!
2024-12-19 01:53:20,084 - INFO - Extracting data...
2024-12-19 01:53:20,105 - INFO - Extraction successful!
2024-12-19 01:53:20,106 - INFO - Transforming data...
2024-12-19 01:53:20,108 - INFO - Transformation complete! Rows before: 55, Rows after: 55
2024-12-19 01:53:20,110 - INFO - Loading data...
2024-12-19 01:53:20,127 - INFO - Data loaded successfully!
2024-12-19 02:02:08,342 - INFO - Extracting data...
2024-12-19 02:02:08,366 - INFO - Extraction successful!
2024-12-19 02:02:08,371 - INFO - Transforming data...
2024-12-19 02:02:08,381 - INFO - Transformation complete! Rows before: 73, Rows after: 73
2024-12-19 02:02:08,381 - INFO - Loading data...
2024-12-19 02:02:08,394 - INFO - Data loaded successfully!
2024-12-19 02:12:01,920 - INFO - Extracting data...
2024-12-19 02:12:01,943 - INFO - Extraction successful!
2024-12-19 02:12:01,944 - INFO - Transforming data...
2024-12-19 02:12:01,950 - INFO - Transformation complete! Rows before: 154, Rows after: 154
2024-12-19 02:12:01,951 - INFO - Loading data...
2024-12-19 02:12:01,965 - INFO - Data loaded successfully!
2024-12-19 02:15:55,815 - INFO - Extracting data...
2024-12-19 02:15:55,842 - INFO - Extraction successful!
2024-12-19 02:15:55,843 - INFO - Transforming data...
2024-12-19 02:15:55,850 - INFO - Transformation complete! Rows before: 235, Rows after: 235
2024-12-19 02:15:55,851 - INFO - Loading data...
2024-12-19 02:15:55,864 - INFO - Data loaded successfully!
2024-12-19 02:26:08,963 - INFO - Extracting data...
2024-12-19 02:26:08,982 - INFO - Extraction successful!
2024-12-19 02:26:08,982 - INFO - Transforming data...
2024-12-19 02:26:08,988 - INFO - Transformation complete! Rows before: 313, Rows after: 313
2024-12-19 02:26:08,989 - INFO - Loading data...
2024-12-19 02:26:09,000 - INFO - Data loaded successfully!
2024-12-19 02:36:18,216 - INFO - Extracting data...
2024-12-19 02:36:18,432 - INFO - Extraction successful!
2024-12-19 02:36:18,434 - INFO - Transforming data...
2024-12-19 02:36:19,227 - INFO - Transformation complete! Rows before: 6234, Rows after: 3774
2024-12-19 02:36:19,228 - INFO - Loading data...
2024-12-19 02:36:19,458 - INFO - Data loaded successfully!
